#
# There is insufficient memory for the Java Runtime Environment to continue.
# Native memory allocation (malloc) failed to allocate 32744 bytes for ChunkPool::allocate
# Possible reasons:
#   The system is out of physical RAM or swap space
#   The process is running with CompressedOops enabled, and the Java Heap may be blocking the growth of the native heap
# Possible solutions:
#   Reduce memory load on the system
#   Increase physical memory or swap space
#   Check if swap backing store is full
#   Decrease Java heap size (-Xmx/-Xms)
#   Decrease number of Java threads
#   Decrease Java thread stack sizes (-Xss)
#   Set larger code cache with -XX:ReservedCodeCacheSize=
#   JVM is running with Unscaled Compressed Oops mode in which the Java heap is
#     placed in the first 4GB address space. The Java Heap base address is the
#     maximum limit for the native heap growth. Please use -XX:HeapBaseMinAddress
#     to set the Java Heap base and to place the Java Heap above 4GB virtual address.
# This output file may be truncated or incomplete.
#
#  Out of Memory Error (arena.cpp:78), pid=78180, tid=94872
#
# JRE version: OpenJDK Runtime Environment Temurin-17.0.4+8 (17.0.4+8) (build 17.0.4+8)
# Java VM: OpenJDK 64-Bit Server VM Temurin-17.0.4+8 (17.0.4+8, mixed mode, tiered, compressed oops, compressed class ptrs, g1 gc, windows-amd64)
# No core dump will be written. Minidumps are not enabled by default on client versions of Windows
#

---------------  S U M M A R Y ------------

Command Line: -ea -Dfile.encoding=UTF-8 -XX:+ShowCodeDetailsInExceptionMessages org.testng.remote.RemoteTestNG -serport 54991 -protocol json -d C:\Users\91934\Desktop\New folder\cns\TutorialsNinjaProj\test-output C:\Users\91934\AppData\Local\Temp\testng-eclipse--88187791\testng-customsuite.xml

Host: AMD Ryzen 5 5500U with Radeon Graphics         , 12 cores, 7G,  Windows 11 , 64 bit Build 22621 (10.0.22621.2070)
Time: Thu Aug 31 12:23:52 2023 India Standard Time elapsed time: 22.992836 seconds (0d 0h 0m 22s)

---------------  T H R E A D  ---------------

Current thread (0x00000288d144cb80):  JavaThread "C2 CompilerThread0" daemon [_thread_in_native, id=94872, stack(0x000000ec5d800000,0x000000ec5d900000)]


Current CompileTask:
C2:  22992 2880       4       java.lang.invoke.MethodType::makeImpl (109 bytes)

Stack: [0x000000ec5d800000,0x000000ec5d900000]
Native frames: (J=compiled Java code, j=interpreted, Vv=VM code, C=native code)
V  [jvm.dll+0x67733a]
V  [jvm.dll+0x8323c4]
V  [jvm.dll+0x833b6e]
V  [jvm.dll+0x8341d3]
V  [jvm.dll+0x2455e5]
V  [jvm.dll+0xabfc0]
V  [jvm.dll+0xac30c]
V  [jvm.dll+0x2a1d86]
V  [jvm.dll+0x2a1b44]
V  [jvm.dll+0x7f5c2a]
V  [jvm.dll+0x7fb348]
V  [jvm.dll+0x7fa63f]
V  [jvm.dll+0x346eb7]
V  [jvm.dll+0x347052]
V  [jvm.dll+0x2ab88c]
V  [jvm.dll+0x68f6c7]
V  [jvm.dll+0x6877ab]
V  [jvm.dll+0x686de7]
V  [jvm.dll+0x684ce2]
V  [jvm.dll+0x1a71cc]
V  [jvm.dll+0x2ab8e4]
V  [jvm.dll+0x68f6c7]
V  [jvm.dll+0x6877ab]
V  [jvm.dll+0x686de7]
V  [jvm.dll+0x684ce2]
V  [jvm.dll+0x1a71cc]
V  [jvm.dll+0x1a7d96]
V  [jvm.dll+0x2ab8e4]
V  [jvm.dll+0x68f6c7]
V  [jvm.dll+0x6877ab]
V  [jvm.dll+0x686de7]
V  [jvm.dll+0x684ce2]
V  [jvm.dll+0x1a71cc]
V  [jvm.dll+0x1a7d96]
V  [jvm.dll+0x2ab8e4]
V  [jvm.dll+0x68f6c7]
V  [jvm.dll+0x6877ab]
V  [jvm.dll+0x686de7]
V  [jvm.dll+0x684ce2]
V  [jvm.dll+0x1a71cc]
V  [jvm.dll+0x2174b8]
V  [jvm.dll+0x1a3f8d]
V  [jvm.dll+0x227308]
V  [jvm.dll+0x225455]
V  [jvm.dll+0x7e7eeb]
V  [jvm.dll+0x7e245a]
V  [jvm.dll+0x6761c5]
C  [ucrtbase.dll+0x29363]
C  [KERNEL32.DLL+0x126ad]
C  [ntdll.dll+0x5aa68]


---------------  P R O C E S S  ---------------

Threads class SMR info:
_java_thread_list=0x00000288d30d1320, length=37, elements={
0x00000288b6bc1880, 0x00000288d08c0ab0, 0x00000288d08c3380, 0x00000288d140e5b0,
0x00000288d140ee70, 0x00000288d1443fc0, 0x00000288d1444580, 0x00000288d144cb80,
0x00000288d144c670, 0x00000288d1472d70, 0x00000288d15ec3c0, 0x00000288d15f78d0,
0x00000288d1a03a60, 0x00000288d2d41c20, 0x00000288d2d420f0, 0x00000288d2dac010,
0x00000288d2da7020, 0x00000288d2da74f0, 0x00000288d2d54780, 0x00000288d2d55120,
0x00000288d2d555f0, 0x00000288d2d56e00, 0x00000288d2d56930, 0x00000288d2d572d0,
0x00000288d2d55ac0, 0x00000288d2d55f90, 0x00000288d2d56460, 0x00000288d2d577a0,
0x00000288d2d54c50, 0x00000288d2d57c70, 0x00000288d2d58140, 0x00000288d2fd35a0,
0x00000288d2fd3a70, 0x00000288d2fcdf00, 0x00000288d2fd2c00, 0x00000288d2fd13f0,
0x00000288d2fd2730
}

Java Threads: ( => current thread )
  0x00000288b6bc1880 JavaThread "main" [_thread_in_Java, id=74116, stack(0x000000ec5ca00000,0x000000ec5cb00000)]
  0x00000288d08c0ab0 JavaThread "Reference Handler" daemon [_thread_blocked, id=96440, stack(0x000000ec5d200000,0x000000ec5d300000)]
  0x00000288d08c3380 JavaThread "Finalizer" daemon [_thread_blocked, id=93000, stack(0x000000ec5d300000,0x000000ec5d400000)]
  0x00000288d140e5b0 JavaThread "Signal Dispatcher" daemon [_thread_blocked, id=89176, stack(0x000000ec5d400000,0x000000ec5d500000)]
  0x00000288d140ee70 JavaThread "Attach Listener" daemon [_thread_blocked, id=94880, stack(0x000000ec5d500000,0x000000ec5d600000)]
  0x00000288d1443fc0 JavaThread "Service Thread" daemon [_thread_blocked, id=94868, stack(0x000000ec5d600000,0x000000ec5d700000)]
  0x00000288d1444580 JavaThread "Monitor Deflation Thread" daemon [_thread_blocked, id=94896, stack(0x000000ec5d700000,0x000000ec5d800000)]
=>0x00000288d144cb80 JavaThread "C2 CompilerThread0" daemon [_thread_in_native, id=94872, stack(0x000000ec5d800000,0x000000ec5d900000)]
  0x00000288d144c670 JavaThread "C1 CompilerThread0" daemon [_thread_in_native, id=96640, stack(0x000000ec5d900000,0x000000ec5da00000)]
  0x00000288d1472d70 JavaThread "Sweeper thread" daemon [_thread_blocked, id=96600, stack(0x000000ec5da00000,0x000000ec5db00000)]
  0x00000288d15ec3c0 JavaThread "Notification Thread" daemon [_thread_blocked, id=89304, stack(0x000000ec5db00000,0x000000ec5dc00000)]
  0x00000288d15f78d0 JavaThread "Common-Cleaner" daemon [_thread_blocked, id=96604, stack(0x000000ec5dd00000,0x000000ec5de00000)]
  0x00000288d1a03a60 JavaThread "ReaderThread" [_thread_in_native, id=89432, stack(0x000000ec5df00000,0x000000ec5e000000)]
  0x00000288d2d41c20 JavaThread "ForkJoinPool.commonPool-worker-1" daemon [_thread_blocked, id=95172, stack(0x000000ec5e000000,0x000000ec5e100000)]
  0x00000288d2d420f0 JavaThread "ForkJoinPool.commonPool-worker-2" daemon [_thread_blocked, id=95784, stack(0x000000ec5e100000,0x000000ec5e200000)]
  0x00000288d2dac010 JavaThread "ForkJoinPool.commonPool-worker-3" daemon [_thread_blocked, id=95672, stack(0x000000ec5e200000,0x000000ec5e300000)]
  0x00000288d2da7020 JavaThread "ForkJoinPool.commonPool-worker-4" daemon [_thread_blocked, id=93260, stack(0x000000ec5e300000,0x000000ec5e400000)]
  0x00000288d2da74f0 JavaThread "ForkJoinPool.commonPool-worker-5" daemon [_thread_blocked, id=96580, stack(0x000000ec5e400000,0x000000ec5e500000)]
  0x00000288d2d54780 JavaThread "ForkJoinPool.commonPool-worker-6" daemon [_thread_blocked, id=96732, stack(0x000000ec5e500000,0x000000ec5e600000)]
  0x00000288d2d55120 JavaThread "ForkJoinPool.commonPool-worker-7" daemon [_thread_blocked, id=96728, stack(0x000000ec5e600000,0x000000ec5e700000)]
  0x00000288d2d555f0 JavaThread "ForkJoinPool.commonPool-worker-9" daemon [_thread_blocked, id=96608, stack(0x000000ec5e700000,0x000000ec5e800000)]
  0x00000288d2d56e00 JavaThread "ForkJoinPool.commonPool-worker-8" daemon [_thread_blocked, id=82244, stack(0x000000ec5e800000,0x000000ec5e900000)]
  0x00000288d2d56930 JavaThread "ForkJoinPool.commonPool-worker-10" daemon [_thread_blocked, id=96048, stack(0x000000ec5e900000,0x000000ec5ea00000)]
  0x00000288d2d572d0 JavaThread "ForkJoinPool.commonPool-worker-11" daemon [_thread_blocked, id=96628, stack(0x000000ec5ea00000,0x000000ec5eb00000)]
  0x00000288d2d55ac0 JavaThread "AsyncHttpClient-1-1" daemon [_thread_blocked, id=86596, stack(0x000000ec5f600000,0x000000ec5f700000)]
  0x00000288d2d55f90 JavaThread "Exec Default Executor" daemon [_thread_in_native, id=86588, stack(0x000000ec5f700000,0x000000ec5f800000)]
  0x00000288d2d56460 JavaThread "Exec Stream Pumper" daemon [_thread_in_native, id=93844, stack(0x000000ec5f800000,0x000000ec5f900000)]
  0x00000288d2d577a0 JavaThread "Exec Stream Pumper" daemon [_thread_in_native, id=86628, stack(0x000000ec5f900000,0x000000ec5fa00000)]
  0x00000288d2d54c50 JavaThread "Driver Service Executor" daemon [_thread_blocked, id=86476, stack(0x000000ec5fa00000,0x000000ec5fb00000)]
  0x00000288d2d57c70 JavaThread "Driver Service Executor" daemon [_thread_blocked, id=86472, stack(0x000000ec5fb00000,0x000000ec5fc00000)]
  0x00000288d2d58140 JavaThread "UrlChecker-2" daemon [_thread_blocked, id=86464, stack(0x000000ec5fc00000,0x000000ec5fd00000)]
  0x00000288d2fd35a0 JavaThread "AsyncHttpClient-1-2" daemon [_thread_in_native, id=85452, stack(0x000000ec5fe00000,0x000000ec5ff00000)]
  0x00000288d2fd3a70 JavaThread "AsyncHttpClient-1-3" daemon [_thread_in_native, id=96876, stack(0x000000ec5ff00000,0x000000ec60000000)]
  0x00000288d2fcdf00 JavaThread "AsyncHttpClient-1-4" daemon [_thread_in_native, id=67092, stack(0x000000ec60000000,0x000000ec60100000)]
  0x00000288d2fd2c00 JavaThread "Driver Service Executor" daemon [_thread_blocked, id=92120, stack(0x000000ec60300000,0x000000ec60400000)]
  0x00000288d2fd13f0 JavaThread "Driver Service Executor" daemon [_thread_blocked, id=92040, stack(0x000000ec60400000,0x000000ec60500000)]
  0x00000288d2fd2730 JavaThread "AsyncHttpClient-1-5" daemon [_thread_in_native, id=82256, stack(0x000000ec60600000,0x000000ec60700000)]

Other Threads:
  0x00000288d08ce800 VMThread "VM Thread" [stack: 0x000000ec5d100000,0x000000ec5d200000] [id=89220]
  0x00000288b46dd6b0 WatcherThread [stack: 0x000000ec5dc00000,0x000000ec5dd00000] [id=87052]
  0x00000288b6c166e0 GCTaskThread "GC Thread#0" [stack: 0x000000ec5cc00000,0x000000ec5cd00000] [id=81824]
  0x00000288d2db1490 GCTaskThread "GC Thread#1" [stack: 0x000000ec5eb00000,0x000000ec5ec00000] [id=96656]
  0x00000288d2db1740 GCTaskThread "GC Thread#2" [stack: 0x000000ec5ec00000,0x000000ec5ed00000] [id=96568]
  0x00000288d2db19f0 GCTaskThread "GC Thread#3" [stack: 0x000000ec5ed00000,0x000000ec5ee00000] [id=96636]
  0x00000288d2d88ae0 GCTaskThread "GC Thread#4" [stack: 0x000000ec5ee00000,0x000000ec5ef00000] [id=96616]
  0x00000288d2d88d90 GCTaskThread "GC Thread#5" [stack: 0x000000ec5ef00000,0x000000ec5f000000] [id=69012]
  0x00000288d2d89040 GCTaskThread "GC Thread#6" [stack: 0x000000ec5f000000,0x000000ec5f100000] [id=96696]
  0x00000288d30b6720 GCTaskThread "GC Thread#7" [stack: 0x000000ec5f100000,0x000000ec5f200000] [id=96456]
  0x00000288d32d2c60 GCTaskThread "GC Thread#8" [stack: 0x000000ec5f200000,0x000000ec5f300000] [id=96452]
  0x00000288d32e5050 GCTaskThread "GC Thread#9" [stack: 0x000000ec5f300000,0x000000ec5f400000] [id=92596]
  0x00000288b6c25fb0 ConcurrentGCThread "G1 Main Marker" [stack: 0x000000ec5cd00000,0x000000ec5ce00000] [id=96432]
  0x00000288b6c28350 ConcurrentGCThread "G1 Conc#0" [stack: 0x000000ec5ce00000,0x000000ec5cf00000] [id=94784]
  0x00000288d32e5300 ConcurrentGCThread "G1 Conc#1" [stack: 0x000000ec5f400000,0x000000ec5f500000] [id=95436]
  0x00000288d2d81310 ConcurrentGCThread "G1 Conc#2" [stack: 0x000000ec5f500000,0x000000ec5f600000] [id=89280]
  0x00000288d072ba90 ConcurrentGCThread "G1 Refine#0" [stack: 0x000000ec5cf00000,0x000000ec5d000000] [id=96448]
  0x00000288d072c350 ConcurrentGCThread "G1 Service" [stack: 0x000000ec5d000000,0x000000ec5d100000] [id=86212]

Threads with active compile tasks:
C2 CompilerThread0    23046 2880       4       java.lang.invoke.MethodType::makeImpl (109 bytes)
C1 CompilerThread0    23046 3018       3       org.testng.shaded.com.google.gson.internal.bind.TypeAdapterRuntimeTypeWrapper::write (81 bytes)

VM state: not at safepoint (normal execution)

VM Mutex/Monitor currently owned by a thread: None

Heap address: 0x000000008ac00000, size: 1876 MB, Compressed Oops mode: 32-bit

CDS archive(s) not mapped
Compressed class space mapped at: 0x0000000100000000-0x0000000140000000, reserved size: 1073741824
Narrow klass base: 0x0000000000000000, Narrow klass shift: 3, Narrow klass range: 0x140000000

GC Precious Log:
 CPUs: 12 total, 12 available
 Memory: 7502M
 Large Page Support: Disabled
 NUMA Support: Disabled
 Compressed Oops: Enabled (32-bit)
 Heap Region Size: 1M
 Heap Min Capacity: 8M
 Heap Initial Capacity: 118M
 Heap Max Capacity: 1876M
 Pre-touch: Disabled
 Parallel Workers: 10
 Concurrent Workers: 3
 Concurrent Refinement Workers: 10
 Periodic GC: Disabled

Heap:
 garbage-first heap   total 40960K, used 27179K [0x000000008ac00000, 0x0000000100000000)
  region size 1024K, 7 young (7168K), 2 survivors (2048K)
 Metaspace       used 35431K, committed 35776K, reserved 1081344K
  class space    used 4088K, committed 4288K, reserved 1048576K

Heap Regions: E=young(eden), S=young(survivor), O=old, HS=humongous(starts), HC=humongous(continues), CS=collection set, F=free, OA=open archive, CA=closed archive, TAMS=top-at-mark-start (previous, next)
|   0|0x000000008ac00000, 0x000000008ad00000, 0x000000008ad00000|100%| O|  |TAMS 0x000000008ad00000, 0x000000008ac00000| Untracked 
|   1|0x000000008ad00000, 0x000000008ae00000, 0x000000008ae00000|100%| O|  |TAMS 0x000000008ae00000, 0x000000008ad00000| Untracked 
|   2|0x000000008ae00000, 0x000000008af00000, 0x000000008af00000|100%| O|  |TAMS 0x000000008af00000, 0x000000008ae00000| Untracked 
|   3|0x000000008af00000, 0x000000008b000000, 0x000000008b000000|100%| O|  |TAMS 0x000000008b000000, 0x000000008af00000| Untracked 
|   4|0x000000008b000000, 0x000000008b100000, 0x000000008b100000|100%| O|  |TAMS 0x000000008b100000, 0x000000008b000000| Untracked 
|   5|0x000000008b100000, 0x000000008b200000, 0x000000008b200000|100%| O|  |TAMS 0x000000008b200000, 0x000000008b100000| Untracked 
|   6|0x000000008b200000, 0x000000008b300000, 0x000000008b300000|100%| O|  |TAMS 0x000000008b300000, 0x000000008b200000| Untracked 
|   7|0x000000008b300000, 0x000000008b400000, 0x000000008b400000|100%| O|  |TAMS 0x000000008b400000, 0x000000008b300000| Untracked 
|   8|0x000000008b400000, 0x000000008b500000, 0x000000008b500000|100%| O|  |TAMS 0x000000008b500000, 0x000000008b400000| Untracked 
|   9|0x000000008b500000, 0x000000008b58d800, 0x000000008b600000| 55%| O|  |TAMS 0x000000008b58d800, 0x000000008b500000| Untracked 
|  10|0x000000008b600000, 0x000000008b600000, 0x000000008b700000|  0%| F|  |TAMS 0x000000008b600000, 0x000000008b600000| Untracked 
|  11|0x000000008b700000, 0x000000008b700000, 0x000000008b800000|  0%| F|  |TAMS 0x000000008b700000, 0x000000008b700000| Untracked 
|  12|0x000000008b800000, 0x000000008b900000, 0x000000008b900000|100%| O|  |TAMS 0x000000008b900000, 0x000000008b800000| Complete 
|  13|0x000000008b900000, 0x000000008b900000, 0x000000008ba00000|  0%| F|  |TAMS 0x000000008b900000, 0x000000008b900000| Untracked 
|  14|0x000000008ba00000, 0x000000008ba00000, 0x000000008bb00000|  0%| F|  |TAMS 0x000000008ba00000, 0x000000008ba00000| Untracked 
|  15|0x000000008bb00000, 0x000000008bb00000, 0x000000008bc00000|  0%| F|  |TAMS 0x000000008bb00000, 0x000000008bb00000| Untracked 
|  16|0x000000008bc00000, 0x000000008bc00000, 0x000000008bd00000|  0%| F|  |TAMS 0x000000008bc00000, 0x000000008bc00000| Untracked 
|  17|0x000000008bd00000, 0x000000008bdfd7e0, 0x000000008be00000| 99%| S|CS|TAMS 0x000000008bd00000, 0x000000008bd00000| Complete 
|  18|0x000000008be00000, 0x000000008be00000, 0x000000008bf00000|  0%| F|  |TAMS 0x000000008be00000, 0x000000008be00000| Untracked 
|  19|0x000000008bf00000, 0x000000008c000000, 0x000000008c000000|100%| S|CS|TAMS 0x000000008bf00000, 0x000000008bf00000| Complete 
|  20|0x000000008c000000, 0x000000008c100000, 0x000000008c100000|100%|HS|  |TAMS 0x000000008c000000, 0x000000008c000000| Complete 
|  21|0x000000008c100000, 0x000000008c200000, 0x000000008c200000|100%|HC|  |TAMS 0x000000008c100000, 0x000000008c100000| Complete 
|  22|0x000000008c200000, 0x000000008c300000, 0x000000008c300000|100%|HC|  |TAMS 0x000000008c200000, 0x000000008c200000| Complete 
|  23|0x000000008c300000, 0x000000008c400000, 0x000000008c400000|100%|HC|  |TAMS 0x000000008c300000, 0x000000008c300000| Complete 
|  24|0x000000008c400000, 0x000000008c500000, 0x000000008c500000|100%|HC|  |TAMS 0x000000008c400000, 0x000000008c400000| Complete 
|  25|0x000000008c500000, 0x000000008c500000, 0x000000008c600000|  0%| F|  |TAMS 0x000000008c500000, 0x000000008c500000| Untracked 
|  26|0x000000008c600000, 0x000000008c700000, 0x000000008c700000|100%|HS|  |TAMS 0x000000008c700000, 0x000000008c600000| Complete 
|  27|0x000000008c700000, 0x000000008c800000, 0x000000008c800000|100%|HC|  |TAMS 0x000000008c800000, 0x000000008c700000| Complete 
|  28|0x000000008c800000, 0x000000008c900000, 0x000000008c900000|100%|HC|  |TAMS 0x000000008c900000, 0x000000008c800000| Complete 
|  29|0x000000008c900000, 0x000000008ca00000, 0x000000008ca00000|100%|HC|  |TAMS 0x000000008ca00000, 0x000000008c900000| Complete 
|  30|0x000000008ca00000, 0x000000008cb00000, 0x000000008cb00000|100%|HC|  |TAMS 0x000000008cb00000, 0x000000008ca00000| Complete 
|  31|0x000000008cb00000, 0x000000008cb00000, 0x000000008cc00000|  0%| F|  |TAMS 0x000000008cb00000, 0x000000008cb00000| Untracked 
|  32|0x000000008cc00000, 0x000000008cc00000, 0x000000008cd00000|  0%| F|  |TAMS 0x000000008cc00000, 0x000000008cc00000| Untracked 
|  33|0x000000008cd00000, 0x000000008cd00000, 0x000000008ce00000|  0%| F|  |TAMS 0x000000008cd00000, 0x000000008cd00000| Untracked 
|  34|0x000000008ce00000, 0x000000008ce00000, 0x000000008cf00000|  0%| F|  |TAMS 0x000000008ce00000, 0x000000008ce00000| Untracked 
|  35|0x000000008cf00000, 0x000000008cf73050, 0x000000008d000000| 44%| E|  |TAMS 0x000000008cf00000, 0x000000008cf00000| Complete 
|  87|0x0000000090300000, 0x0000000090400000, 0x0000000090400000|100%| E|CS|TAMS 0x0000000090300000, 0x0000000090300000| Complete 
|  88|0x0000000090400000, 0x0000000090500000, 0x0000000090500000|100%| E|CS|TAMS 0x0000000090400000, 0x0000000090400000| Complete 
|  89|0x0000000090500000, 0x0000000090600000, 0x0000000090600000|100%| E|CS|TAMS 0x0000000090500000, 0x0000000090500000| Complete 
| 117|0x0000000092100000, 0x0000000092200000, 0x0000000092200000|100%| E|CS|TAMS 0x0000000092100000, 0x0000000092100000| Complete 

Card table byte_map: [0x00000288c9b40000,0x00000288c9ef0000] _byte_map_base: 0x00000288c96ea000

Marking Bits (Prev, Next): (CMBitMap*) 0x00000288b6c16c00, (CMBitMap*) 0x00000288b6c16c40
 Prev Bits: [0x00000288ca2a0000, 0x00000288cbff0000)
 Next Bits: [0x00000288cbff0000, 0x00000288cdd40000)

Polling page: 0x00000288b49e0000

Metaspace:

Usage:
  Non-class:     30.61 MB used.
      Class:      3.99 MB used.
       Both:     34.60 MB used.

Virtual space:
  Non-class space:       32.00 MB reserved,      30.75 MB ( 96%) committed,  4 nodes.
      Class space:        1.00 GB reserved,       4.19 MB ( <1%) committed,  1 nodes.
             Both:        1.03 GB reserved,      34.94 MB (  3%) committed. 

Chunk freelists:
   Non-Class:  640.00 KB
       Class:  3.86 MB
        Both:  4.48 MB

MaxMetaspaceSize: unlimited
CompressedClassSpaceSize: 1.00 GB
Initial GC threshold: 21.00 MB
Current GC threshold: 58.06 MB
CDS: off
MetaspaceReclaimPolicy: balanced
 - commit_granule_bytes: 65536.
 - commit_granule_words: 8192.
 - virtual_space_node_default_size: 1048576.
 - enlarge_chunks_in_place: 1.
 - new_chunks_are_fully_committed: 0.
 - uncommit_free_chunks: 1.
 - use_allocation_guard: 0.
 - handle_deallocations: 1.


Internal statistics:

num_allocs_failed_limit: 3.
num_arena_births: 302.
num_arena_deaths: 0.
num_vsnodes_births: 5.
num_vsnodes_deaths: 0.
num_space_committed: 559.
num_space_uncommitted: 0.
num_chunks_returned_to_freelist: 3.
num_chunks_taken_from_freelist: 1071.
num_chunk_merges: 3.
num_chunk_splits: 692.
num_chunks_enlarged: 511.
num_purges: 0.
num_inconsistent_stats: 0.

CodeHeap 'non-profiled nmethods': size=120000Kb used=1216Kb max_used=1216Kb free=118783Kb
 bounds [0x00000288c1d10000, 0x00000288c1f80000, 0x00000288c9240000]
CodeHeap 'profiled nmethods': size=120000Kb used=5661Kb max_used=5661Kb free=114338Kb
 bounds [0x00000288ba7e0000, 0x00000288bad70000, 0x00000288c1d10000]
CodeHeap 'non-nmethods': size=5760Kb used=1306Kb max_used=1353Kb free=4453Kb
 bounds [0x00000288ba240000, 0x00000288ba4b0000, 0x00000288ba7e0000]
 total_blobs=3635 nmethods=3008 adapters=539
 compilation: enabled
              stopped_count=0, restarted_count=0
 full_count=0

Compilation events (20 events):
Event: 20.065 Thread 0x00000288d144c670 nmethod 2869 0x00000288bacf7990 code [0x00000288bacf7b40, 0x00000288bacf7d08]
Event: 22.924 Thread 0x00000288d144c670 2870   !   3       java.lang.Class::desiredAssertionStatus (54 bytes)
Event: 22.925 Thread 0x00000288d144c670 nmethod 2870 0x00000288bacf7e10 code [0x00000288bacf8000, 0x00000288bacf8518]
Event: 22.925 Thread 0x00000288d144c670 2872       3       java.lang.invoke.MethodTypeForm::<init> (322 bytes)
Event: 22.926 Thread 0x00000288d144c670 nmethod 2872 0x00000288bacf8710 code [0x00000288bacf8a00, 0x00000288bacfa108]
Event: 22.926 Thread 0x00000288d144c670 2874       3       java.util.concurrent.atomic.AtomicReferenceFieldUpdater$AtomicReferenceFieldUpdaterImpl::compareAndSet (24 bytes)
Event: 22.927 Thread 0x00000288d144c670 nmethod 2874 0x00000288bacfa690 code [0x00000288bacfa880, 0x00000288bacfad58]
Event: 22.927 Thread 0x00000288d144c670 2873       3       java.lang.invoke.MemberName::getFactory (4 bytes)
Event: 22.927 Thread 0x00000288d144c670 nmethod 2873 0x00000288bacfaf90 code [0x00000288bacfb120, 0x00000288bacfb218]
Event: 22.967 Thread 0x00000288d144c670 2875       3       io.netty.channel.AbstractChannelHandlerContext::findContextInbound (26 bytes)
Event: 22.968 Thread 0x00000288d144c670 nmethod 2875 0x00000288bacfb290 code [0x00000288bacfb4e0, 0x00000288bacfc4b8]
Event: 22.968 Thread 0x00000288d144c670 2876       3       java.lang.Math::min (12 bytes)
Event: 22.968 Thread 0x00000288d144c670 nmethod 2876 0x00000288bacfc990 code [0x00000288bacfcb20, 0x00000288bacfcc58]
Event: 22.986 Thread 0x00000288d144c670 2877       3       java.lang.invoke.MethodHandles::makeIdentity (23 bytes)
Event: 22.986 Thread 0x00000288d144cb80 2880       4       java.lang.invoke.MethodType::makeImpl (109 bytes)
Event: 22.987 Thread 0x00000288d144c670 nmethod 2877 0x00000288bacfcd10 code [0x00000288bacfcf80, 0x00000288bacfd928]
Event: 22.987 Thread 0x00000288d144c670 2878       3       java.lang.invoke.LambdaForm::identityForm (27 bytes)
Event: 22.987 Thread 0x00000288d144c670 nmethod 2878 0x00000288bacfdd10 code [0x00000288bacfdec0, 0x00000288bacfe0a8]
Event: 22.987 Thread 0x00000288d144c670 2879       3       java.lang.invoke.InnerClassLambdaMetafactory$1::<init> (15 bytes)
Event: 22.987 Thread 0x00000288d144c670 nmethod 2879 0x00000288bacfe190 code [0x00000288bacfe340, 0x00000288bacfe558]

GC Heap History (14 events):
Event: 0.997 GC heap before
{Heap before GC invocations=0 (full 0):
 garbage-first heap   total 120832K, used 23552K [0x000000008ac00000, 0x0000000100000000)
  region size 1024K, 23 young (23552K), 0 survivors (0K)
 Metaspace       used 14744K, committed 14976K, reserved 1064960K
  class space    used 1463K, committed 1600K, reserved 1048576K
}
Event: 1.005 GC heap after
{Heap after GC invocations=1 (full 0):
 garbage-first heap   total 120832K, used 4872K [0x000000008ac00000, 0x0000000100000000)
  region size 1024K, 3 young (3072K), 3 survivors (3072K)
 Metaspace       used 14744K, committed 14976K, reserved 1064960K
  class space    used 1463K, committed 1600K, reserved 1048576K
}
Event: 3.027 GC heap before
{Heap before GC invocations=1 (full 0):
 garbage-first heap   total 120832K, used 29448K [0x000000008ac00000, 0x0000000100000000)
  region size 1024K, 28 young (28672K), 3 survivors (3072K)
 Metaspace       used 21285K, committed 21504K, reserved 1073152K
  class space    used 2361K, committed 2432K, reserved 1048576K
}
Event: 3.033 GC heap after
{Heap after GC invocations=2 (full 0):
 garbage-first heap   total 120832K, used 6968K [0x000000008ac00000, 0x0000000100000000)
  region size 1024K, 3 young (3072K), 3 survivors (3072K)
 Metaspace       used 21285K, committed 21504K, reserved 1073152K
  class space    used 2361K, committed 2432K, reserved 1048576K
}
Event: 3.441 GC heap before
{Heap before GC invocations=3 (full 0):
 garbage-first heap   total 30720K, used 22328K [0x000000008ac00000, 0x0000000100000000)
  region size 1024K, 18 young (18432K), 3 survivors (3072K)
 Metaspace       used 25909K, committed 26240K, reserved 1073152K
  class space    used 2909K, committed 3072K, reserved 1048576K
}
Event: 3.445 GC heap after
{Heap after GC invocations=4 (full 0):
 garbage-first heap   total 30720K, used 9550K [0x000000008ac00000, 0x0000000100000000)
  region size 1024K, 3 young (3072K), 3 survivors (3072K)
 Metaspace       used 25909K, committed 26240K, reserved 1073152K
  class space    used 2909K, committed 3072K, reserved 1048576K
}
Event: 3.485 GC heap before
{Heap before GC invocations=4 (full 0):
 garbage-first heap   total 30720K, used 10574K [0x000000008ac00000, 0x0000000100000000)
  region size 1024K, 4 young (4096K), 3 survivors (3072K)
 Metaspace       used 26619K, committed 26880K, reserved 1073152K
  class space    used 2983K, committed 3072K, reserved 1048576K
}
Event: 3.488 GC heap after
{Heap after GC invocations=5 (full 0):
 garbage-first heap   total 30720K, used 9723K [0x000000008ac00000, 0x0000000100000000)
  region size 1024K, 1 young (1024K), 1 survivors (1024K)
 Metaspace       used 26619K, committed 26880K, reserved 1073152K
  class space    used 2983K, committed 3072K, reserved 1048576K
}
Event: 4.016 GC heap before
{Heap before GC invocations=5 (full 0):
 garbage-first heap   total 30720K, used 20987K [0x000000008ac00000, 0x0000000100000000)
  region size 1024K, 13 young (13312K), 1 survivors (1024K)
 Metaspace       used 30457K, committed 30720K, reserved 1081344K
  class space    used 3472K, committed 3584K, reserved 1048576K
}
Event: 4.018 GC heap after
{Heap after GC invocations=6 (full 0):
 garbage-first heap   total 30720K, used 10836K [0x000000008ac00000, 0x0000000100000000)
  region size 1024K, 2 young (2048K), 2 survivors (2048K)
 Metaspace       used 30457K, committed 30720K, reserved 1081344K
  class space    used 3472K, committed 3584K, reserved 1048576K
}
Event: 6.300 GC heap before
{Heap before GC invocations=6 (full 0):
 garbage-first heap   total 35840K, used 27220K [0x000000008ac00000, 0x0000000100000000)
  region size 1024K, 13 young (13312K), 2 survivors (2048K)
 Metaspace       used 33414K, committed 33728K, reserved 1081344K
  class space    used 3891K, committed 4032K, reserved 1048576K
}
Event: 6.303 GC heap after
{Heap after GC invocations=7 (full 0):
 garbage-first heap   total 35840K, used 16647K [0x000000008ac00000, 0x0000000100000000)
  region size 1024K, 1 young (1024K), 1 survivors (1024K)
 Metaspace       used 33414K, committed 33728K, reserved 1081344K
  class space    used 3891K, committed 4032K, reserved 1048576K
}
Event: 12.338 GC heap before
{Heap before GC invocations=7 (full 0):
 garbage-first heap   total 35840K, used 25863K [0x000000008ac00000, 0x0000000100000000)
  region size 1024K, 11 young (11264K), 1 survivors (1024K)
 Metaspace       used 35286K, committed 35648K, reserved 1081344K
  class space    used 4074K, committed 4224K, reserved 1048576K
}
Event: 12.341 GC heap after
{Heap after GC invocations=8 (full 0):
 garbage-first heap   total 35840K, used 17963K [0x000000008ac00000, 0x0000000100000000)
  region size 1024K, 2 young (2048K), 2 survivors (2048K)
 Metaspace       used 35286K, committed 35648K, reserved 1081344K
  class space    used 4074K, committed 4224K, reserved 1048576K
}

Deoptimization events (20 events):
Event: 4.326 Thread 0x00000288d2fd35a0 Uncommon trap: trap_request=0xffffffde fr.pc=0x00000288c1dd3498 relative=0x00000000000008f8
Event: 4.326 Thread 0x00000288d2fd35a0 Uncommon trap: reason=class_check action=maybe_recompile pc=0x00000288c1dd3498 method=java.util.HashMap.putVal(ILjava/lang/Object;Ljava/lang/Object;ZZ)Ljava/lang/Object; @ 91 c2
Event: 4.326 Thread 0x00000288d2fd35a0 DEOPT PACKING pc=0x00000288c1dd3498 sp=0x000000ec5fefed00
Event: 4.326 Thread 0x00000288d2fd35a0 DEOPT UNPACKING pc=0x00000288ba2923a3 sp=0x000000ec5fefecc0 mode 2
Event: 6.325 Thread 0x00000288b6bc1880 Uncommon trap: trap_request=0xffffff45 fr.pc=0x00000288c1e0feec relative=0x0000000000000ecc
Event: 6.325 Thread 0x00000288b6bc1880 Uncommon trap: reason=unstable_if action=reinterpret pc=0x00000288c1e0feec method=java.util.concurrent.ConcurrentHashMap.putVal(Ljava/lang/Object;Ljava/lang/Object;Z)Ljava/lang/Object; @ 256 c2
Event: 6.325 Thread 0x00000288b6bc1880 DEOPT PACKING pc=0x00000288c1e0feec sp=0x000000ec5cafcf10
Event: 6.325 Thread 0x00000288b6bc1880 DEOPT UNPACKING pc=0x00000288ba2923a3 sp=0x000000ec5cafce88 mode 2
Event: 6.366 Thread 0x00000288d2fd3a70 Uncommon trap: trap_request=0xffffffde fr.pc=0x00000288c1dd3498 relative=0x00000000000008f8
Event: 6.366 Thread 0x00000288d2fd3a70 Uncommon trap: reason=class_check action=maybe_recompile pc=0x00000288c1dd3498 method=java.util.HashMap.putVal(ILjava/lang/Object;Ljava/lang/Object;ZZ)Ljava/lang/Object; @ 91 c2
Event: 6.366 Thread 0x00000288d2fd3a70 DEOPT PACKING pc=0x00000288c1dd3498 sp=0x000000ec5fffec30
Event: 6.366 Thread 0x00000288d2fd3a70 DEOPT UNPACKING pc=0x00000288ba2923a3 sp=0x000000ec5fffebf0 mode 2
Event: 6.366 Thread 0x00000288d2fd3a70 Uncommon trap: trap_request=0xffffffde fr.pc=0x00000288c1dd3498 relative=0x00000000000008f8
Event: 6.366 Thread 0x00000288d2fd3a70 Uncommon trap: reason=class_check action=maybe_recompile pc=0x00000288c1dd3498 method=java.util.HashMap.putVal(ILjava/lang/Object;Ljava/lang/Object;ZZ)Ljava/lang/Object; @ 91 c2
Event: 6.366 Thread 0x00000288d2fd3a70 DEOPT PACKING pc=0x00000288c1dd3498 sp=0x000000ec5fffec30
Event: 6.366 Thread 0x00000288d2fd3a70 DEOPT UNPACKING pc=0x00000288ba2923a3 sp=0x000000ec5fffebf0 mode 2
Event: 22.926 Thread 0x00000288d2fd2730 Uncommon trap: trap_request=0xffffff45 fr.pc=0x00000288c1dcb3c8 relative=0x00000000000002a8
Event: 22.926 Thread 0x00000288d2fd2730 Uncommon trap: reason=unstable_if action=reinterpret pc=0x00000288c1dcb3c8 method=java.util.WeakHashMap.expungeStaleEntries()V @ 9 c2
Event: 22.926 Thread 0x00000288d2fd2730 DEOPT PACKING pc=0x00000288c1dcb3c8 sp=0x000000ec606fd170
Event: 22.926 Thread 0x00000288d2fd2730 DEOPT UNPACKING pc=0x00000288ba2923a3 sp=0x000000ec606fd108 mode 2

Classes unloaded (0 events):
No events

Classes redefined (0 events):
No events

Internal exceptions (20 events):
Event: 3.887 Thread 0x00000288d2d58140 Exception <a 'java/net/SocketException'{0x000000008bf1aa88}: Socket is not connected: shutdown> (0x000000008bf1aa88) 
thrown [s\src\hotspot\share\prims\jni.cpp, line 535]
Event: 3.966 Thread 0x00000288b6bc1880 Exception <a 'java/lang/NoSuchMethodError'{0x000000008be43c30}: 'java.lang.Object java.lang.invoke.DirectMethodHandle$Holder.newInvokeSpecial(java.lang.Object, java.lang.Object, int, int)'> (0x000000008be43c30) 
thrown [s\src\hotspot\share\interpreter\linkResolver.cpp, line 759]
Event: 3.967 Thread 0x00000288b6bc1880 Exception <a 'java/lang/NoSuchMethodError'{0x000000008be4ee78}: 'void java.lang.invoke.DirectMethodHandle$Holder.invokeStatic(java.lang.Object, java.lang.Object, int)'> (0x000000008be4ee78) 
thrown [s\src\hotspot\share\interpreter\linkResolver.cpp, line 759]
Event: 3.980 Thread 0x00000288b6bc1880 Exception <a 'java/lang/NoSuchMethodError'{0x000000008bef0400}: 'java.lang.Object java.lang.invoke.DirectMethodHandle$Holder.newInvokeSpecial(java.lang.Object, java.lang.Object, java.lang.Object, java.lang.Object, java.lang.Object)'> (0x000000008bef0400) 
thrown [s\src\hotspot\share\interpreter\linkResolver.cpp, line 759]
Event: 4.026 Thread 0x00000288b6bc1880 Exception <a 'java/lang/NoSuchMethodError'{0x000000009213cc10}: 'int java.lang.invoke.DirectMethodHandle$Holder.invokeSpecialIFC(java.lang.Object, java.lang.Object, java.lang.Object)'> (0x000000009213cc10) 
thrown [s\src\hotspot\share\interpreter\linkResolver.cpp, line 759]
Event: 4.126 Thread 0x00000288b6bc1880 Exception <a 'java/lang/NoSuchMethodError'{0x0000000090320d48}: 'void java.lang.invoke.DirectMethodHandle$Holder.invokeSpecial(java.lang.Object, java.lang.Object, java.lang.Object, java.lang.Object, java.lang.Object, java.lang.Object)'> (0x0000000090320d48) 
thrown [s\src\hotspot\share\interpreter\linkResolver.cpp, line 759]
Event: 6.308 Thread 0x00000288b6bc1880 Exception <a 'java/lang/NoSuchMethodError'{0x00000000921266f0}: 'java.lang.Object java.lang.invoke.DirectMethodHandle$Holder.invokeSpecialIFC(java.lang.Object, java.lang.Object, java.lang.Object)'> (0x00000000921266f0) 
thrown [s\src\hotspot\share\interpreter\linkResolver.cpp, line 759]
Event: 6.347 Thread 0x00000288b6bc1880 Exception <a 'java/lang/NoSuchMethodError'{0x0000000090563918}: 'void java.lang.invoke.DirectMethodHandle$Holder.invokeSpecial(java.lang.Object, java.lang.Object, java.lang.Object, java.lang.Object, java.lang.Object)'> (0x0000000090563918) 
thrown [s\src\hotspot\share\interpreter\linkResolver.cpp, line 759]
Event: 6.464 Thread 0x00000288b6bc1880 Exception <a 'java/lang/ClassNotFoundException'{0x000000008c571530}: sun/util/logging/resources/spi/loggingProvider> (0x000000008c571530) 
thrown [s\src\hotspot\share\classfile\systemDictionary.cpp, line 256]
Event: 11.189 Thread 0x00000288b6bc1880 Exception <a 'java/net/SocketException'{0x000000008c154d88}: Socket is not connected: shutdown> (0x000000008c154d88) 
thrown [s\src\hotspot\share\prims\jni.cpp, line 535]
Event: 11.190 Thread 0x00000288b6bc1880 Exception <a 'java/net/SocketException'{0x000000008c1555f0}: Socket is not connected: shutdown> (0x000000008c1555f0) 
thrown [s\src\hotspot\share\prims\jni.cpp, line 535]
Event: 12.233 Thread 0x00000288d2d58140 Exception <a 'java/net/ConnectException'{0x000000008c1be958}: Connection refused: no further information> (0x000000008c1be958) 
thrown [s\src\hotspot\share\prims\jni.cpp, line 535]
Event: 12.233 Thread 0x00000288d2d58140 Exception <a 'java/net/SocketException'{0x000000008c1bec90}: Socket is not connected: shutdown> (0x000000008c1bec90) 
thrown [s\src\hotspot\share\prims\jni.cpp, line 535]
Event: 12.250 Thread 0x00000288d2d58140 Exception <a 'java/net/ConnectException'{0x000000008c1bfc58}: Connection refused: no further information> (0x000000008c1bfc58) 
thrown [s\src\hotspot\share\prims\jni.cpp, line 535]
Event: 12.250 Thread 0x00000288d2d58140 Exception <a 'java/net/SocketException'{0x000000008c1bff90}: Socket is not connected: shutdown> (0x000000008c1bff90) 
thrown [s\src\hotspot\share\prims\jni.cpp, line 535]
Event: 12.282 Thread 0x00000288d2d58140 Exception <a 'java/net/ConnectException'{0x000000008c1c0f58}: Connection refused: no further information> (0x000000008c1c0f58) 
thrown [s\src\hotspot\share\prims\jni.cpp, line 535]
Event: 12.282 Thread 0x00000288d2d58140 Exception <a 'java/net/SocketException'{0x000000008c1c1290}: Socket is not connected: shutdown> (0x000000008c1c1290) 
thrown [s\src\hotspot\share\prims\jni.cpp, line 535]
Event: 22.923 Thread 0x00000288d2fd2730 Exception <a 'sun/net/ConnectionResetException'{0x00000000921032d0}: Connection reset> (0x00000000921032d0) 
thrown [s\src\hotspot\share\prims\jni.cpp, line 535]
Event: 22.966 Thread 0x00000288b6bc1880 Exception <a 'java/lang/ClassNotFoundException'{0x000000009212fb20}: sun/misc/SharedSecrets> (0x000000009212fb20) 
thrown [s\src\hotspot\share\classfile\systemDictionary.cpp, line 256]
Event: 22.989 Thread 0x00000288b6bc1880 Exception <a 'java/lang/reflect/InvocationTargetException'{0x00000000921603a8}> (0x00000000921603a8) 
thrown [s\src\hotspot\share\runtime\reflection.cpp, line 1121]

VM Operations (20 events):
Event: 5.032 Executing VM operation: Cleanup
Event: 5.032 Executing VM operation: Cleanup done
Event: 6.300 Executing VM operation: G1CollectForAllocation
Event: 6.303 Executing VM operation: G1CollectForAllocation done
Event: 7.307 Executing VM operation: Cleanup
Event: 7.307 Executing VM operation: Cleanup done
Event: 8.314 Executing VM operation: Cleanup
Event: 8.314 Executing VM operation: Cleanup done
Event: 9.325 Executing VM operation: Cleanup
Event: 9.325 Executing VM operation: Cleanup done
Event: 10.338 Executing VM operation: Cleanup
Event: 10.339 Executing VM operation: Cleanup done
Event: 11.343 Executing VM operation: Cleanup
Event: 11.343 Executing VM operation: Cleanup done
Event: 12.338 Executing VM operation: G1TryInitiateConcMark
Event: 12.341 Executing VM operation: G1TryInitiateConcMark done
Event: 12.348 Executing VM operation: G1Concurrent
Event: 12.350 Executing VM operation: G1Concurrent done
Event: 12.353 Executing VM operation: G1Concurrent
Event: 12.353 Executing VM operation: G1Concurrent done

Events (20 events):
Event: 12.330 Thread 0x00000288d2fd2260 Thread added: 0x00000288d2fd2260
Event: 12.334 Thread 0x00000288d2fd2730 Thread added: 0x00000288d2fd2730
Event: 17.341 Thread 0x00000288d2fd2260 Thread exited: 0x00000288d2fd2260
Event: 22.922 loading class sun/net/ConnectionResetException
Event: 22.922 loading class sun/net/ConnectionResetException done
Event: 22.923 Thread 0x00000288d2fd0f20 Thread exited: 0x00000288d2fd0f20
Event: 22.923 Thread 0x00000288d2fd1d90 Thread exited: 0x00000288d2fd1d90
Event: 22.924 loading class java/lang/StackTraceElement$HashedModules
Event: 22.924 loading class java/lang/StackTraceElement$HashedModules done
Event: 22.926 Thread 0x00000288d2fd18c0 Thread exited: 0x00000288d2fd18c0
Event: 22.926 loading class java/util/concurrent/CompletionException
Event: 22.926 loading class java/util/concurrent/CompletionException done
Event: 22.966 loading class sun/misc/SharedSecrets
Event: 22.966 loading class sun/misc/SharedSecrets done
Event: 22.985 loading class java/util/TreeMap$EntrySpliterator
Event: 22.985 loading class java/util/TreeMap$EntrySpliterator done
Event: 22.987 loading class java/util/stream/SortedOps$SizedRefSortingSink
Event: 22.987 loading class java/util/stream/SortedOps$AbstractRefSortingSink
Event: 22.988 loading class java/util/stream/SortedOps$AbstractRefSortingSink done
Event: 22.988 loading class java/util/stream/SortedOps$SizedRefSortingSink done


Dynamic libraries:
0x00007ff749140000 - 0x00007ff74914e000 	C:\Users\91934\.p2\pool\plugins\org.eclipse.justj.openjdk.hotspot.jre.full.win32.x86_64_17.0.4.v20220805-1047\jre\bin\javaw.exe
0x00007ff89ba30000 - 0x00007ff89bc44000 	C:\WINDOWS\SYSTEM32\ntdll.dll
0x00007ff89a110000 - 0x00007ff89a1d4000 	C:\WINDOWS\System32\KERNEL32.DLL
0x00007ff898ff0000 - 0x00007ff899394000 	C:\WINDOWS\System32\KERNELBASE.dll
0x00007ff8996d0000 - 0x00007ff8997e1000 	C:\WINDOWS\System32\ucrtbase.dll
0x00007ff87d000000 - 0x00007ff87d018000 	C:\Users\91934\.p2\pool\plugins\org.eclipse.justj.openjdk.hotspot.jre.full.win32.x86_64_17.0.4.v20220805-1047\jre\bin\jli.dll
0x00007ff89b7e0000 - 0x00007ff89b98a000 	C:\WINDOWS\System32\USER32.dll
0x00007ff899440000 - 0x00007ff899466000 	C:\WINDOWS\System32\win32u.dll
0x00007ff89a2f0000 - 0x00007ff89a319000 	C:\WINDOWS\System32\GDI32.dll
0x00007ff8994f0000 - 0x00007ff899609000 	C:\WINDOWS\System32\gdi32full.dll
0x00007ff8993a0000 - 0x00007ff89943a000 	C:\WINDOWS\System32\msvcp_win.dll
0x00007ff8714a0000 - 0x00007ff8714b9000 	C:\Users\91934\.p2\pool\plugins\org.eclipse.justj.openjdk.hotspot.jre.full.win32.x86_64_17.0.4.v20220805-1047\jre\bin\VCRUNTIME140.dll
0x00007ff87faa0000 - 0x00007ff87fd2f000 	C:\WINDOWS\WinSxS\amd64_microsoft.windows.common-controls_6595b64144ccf1df_6.0.22621.2070_none_2713e6537381f706\COMCTL32.dll
0x00007ff89ab60000 - 0x00007ff89ac07000 	C:\WINDOWS\System32\msvcrt.dll
0x00007ff899df0000 - 0x00007ff899e21000 	C:\WINDOWS\System32\IMM32.DLL
0x00007ff87ce70000 - 0x00007ff87cfd3000 	C:\Program Files (x86)\Citrix\ICA Client\epclient64.dll
0x00007ff899a30000 - 0x00007ff899dba000 	C:\WINDOWS\System32\combase.dll
0x00007ff899ff0000 - 0x00007ff89a107000 	C:\WINDOWS\System32\RPCRT4.dll
0x00007ff88fe10000 - 0x00007ff88fe1a000 	C:\WINDOWS\SYSTEM32\VERSION.dll
0x00007ff8987d0000 - 0x00007ff8987f8000 	C:\WINDOWS\SYSTEM32\bcrypt.dll
0x00007ff89ac10000 - 0x00007ff89acc0000 	C:\WINDOWS\System32\ADVAPI32.dll
0x00007ff89b020000 - 0x00007ff89b0c6000 	C:\WINDOWS\System32\sechost.dll
0x00007ff897e70000 - 0x00007ff897ea4000 	C:\WINDOWS\SYSTEM32\ntmarta.dll
0x00000288b62d0000 - 0x00000288b634a000 	C:\WINDOWS\System32\bcryptprimitives.dll
0x00007ff897e50000 - 0x00007ff897e68000 	C:\WINDOWS\SYSTEM32\kernel.appcore.dll
0x00007ff8947a0000 - 0x00007ff8947ac000 	C:\Users\91934\.p2\pool\plugins\org.eclipse.justj.openjdk.hotspot.jre.full.win32.x86_64_17.0.4.v20220805-1047\jre\bin\vcruntime140_1.dll
0x00007ff869a10000 - 0x00007ff869aa1000 	C:\Users\91934\.p2\pool\plugins\org.eclipse.justj.openjdk.hotspot.jre.full.win32.x86_64_17.0.4.v20220805-1047\jre\bin\msvcp140.dll
0x00007fffd4fc0000 - 0x00007fffd5c06000 	C:\Users\91934\.p2\pool\plugins\org.eclipse.justj.openjdk.hotspot.jre.full.win32.x86_64_17.0.4.v20220805-1047\jre\bin\server\jvm.dll
0x00007ff89ab50000 - 0x00007ff89ab58000 	C:\WINDOWS\System32\PSAPI.DLL
0x00007ff86e610000 - 0x00007ff86e619000 	C:\WINDOWS\SYSTEM32\WSOCK32.dll
0x00007ff8999b0000 - 0x00007ff899a21000 	C:\WINDOWS\System32\WS2_32.dll
0x00007ff8912e0000 - 0x00007ff891314000 	C:\WINDOWS\SYSTEM32\WINMM.dll
0x00007ff891320000 - 0x00007ff89132a000 	C:\Users\91934\.p2\pool\plugins\org.eclipse.justj.openjdk.hotspot.jre.full.win32.x86_64_17.0.4.v20220805-1047\jre\bin\jimage.dll
0x00007ff8877f0000 - 0x00007ff887a1e000 	C:\WINDOWS\SYSTEM32\DBGHELP.DLL
0x00007ff89af40000 - 0x00007ff89b017000 	C:\WINDOWS\System32\OLEAUT32.dll
0x00007ff8822c0000 - 0x00007ff8822f2000 	C:\WINDOWS\SYSTEM32\dbgcore.DLL
0x00007ff873990000 - 0x00007ff8739b5000 	C:\Users\91934\.p2\pool\plugins\org.eclipse.justj.openjdk.hotspot.jre.full.win32.x86_64_17.0.4.v20220805-1047\jre\bin\java.dll
0x00007ff884e00000 - 0x00007ff884e18000 	C:\Users\91934\.p2\pool\plugins\org.eclipse.justj.openjdk.hotspot.jre.full.win32.x86_64_17.0.4.v20220805-1047\jre\bin\zip.dll
0x00007ff89a320000 - 0x00007ff89ab36000 	C:\WINDOWS\System32\SHELL32.dll
0x00007ff896db0000 - 0x00007ff89769a000 	C:\WINDOWS\SYSTEM32\windows.storage.dll
0x00007ff896c70000 - 0x00007ff896dae000 	C:\WINDOWS\SYSTEM32\wintypes.dll
0x00007ff89a1f0000 - 0x00007ff89a2e3000 	C:\WINDOWS\System32\SHCORE.dll
0x00000288d09e0000 - 0x00000288d0a3e000 	C:\WINDOWS\System32\shlwapi.dll
0x00007ff898d40000 - 0x00007ff898d66000 	C:\WINDOWS\SYSTEM32\profapi.dll
0x00007ff884e90000 - 0x00007ff884ea9000 	C:\Users\91934\.p2\pool\plugins\org.eclipse.justj.openjdk.hotspot.jre.full.win32.x86_64_17.0.4.v20220805-1047\jre\bin\net.dll
0x00007ff8918a0000 - 0x00007ff8919d7000 	C:\WINDOWS\SYSTEM32\WINHTTP.dll
0x00007ff898340000 - 0x00007ff8983a9000 	C:\WINDOWS\system32\mswsock.dll
0x00007ff884e70000 - 0x00007ff884e85000 	C:\Users\91934\.p2\pool\plugins\org.eclipse.justj.openjdk.hotspot.jre.full.win32.x86_64_17.0.4.v20220805-1047\jre\bin\nio.dll
0x00007ff897970000 - 0x00007ff897a63000 	C:\WINDOWS\SYSTEM32\DNSAPI.dll
0x00007ff897900000 - 0x00007ff89792d000 	C:\WINDOWS\SYSTEM32\IPHLPAPI.DLL
0x00007ff89ab40000 - 0x00007ff89ab49000 	C:\WINDOWS\System32\NSI.dll
0x00007ff890080000 - 0x00007ff89008a000 	C:\Windows\System32\rasadhlp.dll
0x00007ff88fd20000 - 0x00007ff88fda4000 	C:\WINDOWS\System32\fwpuclnt.dll
0x00007ff898590000 - 0x00007ff8985ab000 	C:\WINDOWS\SYSTEM32\CRYPTSP.dll
0x00007ff897dc0000 - 0x00007ff897df5000 	C:\WINDOWS\system32\rsaenh.dll
0x00007ff898430000 - 0x00007ff89845c000 	C:\WINDOWS\SYSTEM32\USERENV.dll
0x00007ff8985b0000 - 0x00007ff8985bc000 	C:\WINDOWS\SYSTEM32\CRYPTBASE.dll
0x00007ff891860000 - 0x00007ff891879000 	C:\WINDOWS\SYSTEM32\dhcpcsvc6.DLL
0x00007ff8917a0000 - 0x00007ff8917bf000 	C:\WINDOWS\SYSTEM32\dhcpcsvc.DLL
0x00007ff8944f0000 - 0x00007ff894500000 	C:\Users\91934\.p2\pool\plugins\org.eclipse.justj.openjdk.hotspot.jre.full.win32.x86_64_17.0.4.v20220805-1047\jre\bin\verify.dll
0x00007ff8961b0000 - 0x00007ff896247000 	C:\WINDOWS\system32\apphelp.dll
0x00007ff891340000 - 0x00007ff891349000 	C:\Users\91934\.p2\pool\plugins\org.eclipse.justj.openjdk.hotspot.jre.full.win32.x86_64_17.0.4.v20220805-1047\jre\bin\management.dll
0x00007ff884e60000 - 0x00007ff884e6b000 	C:\Users\91934\.p2\pool\plugins\org.eclipse.justj.openjdk.hotspot.jre.full.win32.x86_64_17.0.4.v20220805-1047\jre\bin\management_ext.dll
0x00007ff87ff70000 - 0x00007ff87ff87000 	C:\WINDOWS\system32\napinsp.dll
0x00007ff87ff50000 - 0x00007ff87ff6b000 	C:\WINDOWS\system32\pnrpnsp.dll
0x00007ff87fed0000 - 0x00007ff87fee1000 	C:\WINDOWS\System32\winrnr.dll
0x00007ff87f9f0000 - 0x00007ff87fa05000 	C:\WINDOWS\system32\wshbth.dll
0x00007ff87f490000 - 0x00007ff87f4b1000 	C:\WINDOWS\system32\nlansp_c.dll
0x00007ff893bc0000 - 0x00007ff893bce000 	C:\Users\91934\.p2\pool\plugins\org.eclipse.justj.openjdk.hotspot.jre.full.win32.x86_64_17.0.4.v20220805-1047\jre\bin\sunmscapi.dll
0x00007ff898e80000 - 0x00007ff898fe7000 	C:\WINDOWS\System32\CRYPT32.dll
0x00007ff8987a0000 - 0x00007ff8987ce000 	C:\WINDOWS\SYSTEM32\ncrypt.dll
0x00007ff898760000 - 0x00007ff898797000 	C:\WINDOWS\SYSTEM32\NTASN1.dll
0x00007ff857f70000 - 0x00007ff857f78000 	C:\WINDOWS\system32\wshunix.dll

dbghelp: loaded successfully - version: 4.0.5 - missing functions: none
symbol engine: initialized successfully - sym options: 0x614 - pdb path: .;C:\Users\91934\.p2\pool\plugins\org.eclipse.justj.openjdk.hotspot.jre.full.win32.x86_64_17.0.4.v20220805-1047\jre\bin;C:\WINDOWS\SYSTEM32;C:\WINDOWS\WinSxS\amd64_microsoft.windows.common-controls_6595b64144ccf1df_6.0.22621.2070_none_2713e6537381f706;C:\Program Files (x86)\Citrix\ICA Client;C:\Users\91934\.p2\pool\plugins\org.eclipse.justj.openjdk.hotspot.jre.full.win32.x86_64_17.0.4.v20220805-1047\jre\bin\server

VM Arguments:
jvm_args: -ea -Dfile.encoding=UTF-8 -XX:+ShowCodeDetailsInExceptionMessages 
java_command: org.testng.remote.RemoteTestNG -serport 54991 -protocol json -d C:\Users\91934\Desktop\New folder\cns\TutorialsNinjaProj\test-output C:\Users\91934\AppData\Local\Temp\testng-eclipse--88187791\testng-customsuite.xml
java_class_path (initial): C:\Users\91934\eclipse\jee-2022-062\eclipse\configuration\org.eclipse.osgi\892\0\.cp\lib\testng-remote.jar;C:\Users\91934\Desktop\New folder\cns\TutorialsNinjaProj\target\test-classes;C:\Users\91934\Desktop\New folder\cns\TutorialsNinjaProj\target\classes;C:\Users\91934\.p2\pool\plugins\org.testng_7.4.0.r202105021533.jar;C:\Users\91934\.p2\pool\plugins\com.beust.jcommander_1.78.0.jar;C:\Users\91934\.p2\pool\plugins\org.apache-extras.beanshell.bsh_2.0.0.b6.jar;C:\Users\91934\.p2\pool\plugins\org.yaml.snakeyaml_1.27.0.v20201111-1638.jar;C:\Users\91934\.p2\pool\plugins\org.webjars.jquery_3.5.1.jar;C:\Users\91934\.m2\repository\org\testng\testng\7.8.0\testng-7.8.0.jar;C:\Users\91934\.m2\repository\org\slf4j\slf4j-api\1.7.36\slf4j-api-1.7.36.jar;C:\Users\91934\.m2\repository\com\beust\jcommander\1.82\jcommander-1.82.jar;C:\Users\91934\.m2\repository\org\webjars\jquery\3.6.1\jquery-3.6.1.jar;C:\Users\91934\.m2\repository\org\seleniumhq\selenium\selenium-java\4.11.0\selenium-java-4.11.0.jar;C:\Users\91934\.m2\repository\org\seleniumhq\selenium\selenium-api\4.11.0\selenium-api-4.11.0.jar;C:\Users\91934\.m2\repository\org\seleniumhq\selenium\selenium-chrome-driver\4.11.0\selenium-chrome-driver-4.11.0.jar;C:\Users\91934\.m2\repository\com\google\auto\service\auto-service-annotations\1.0.1\auto-service-annotations-1.0.1.jar;C:\Users\91934\.m2\repository\com\google\guava\guava\31.1-jre\guava-31.1-jre.jar;C:\Users\91934\.m2\repository\com\google\guava\failureaccess\1.0.1\failureaccess-1.0.1.jar;C:\Users\91934\.m2\repository\com\google\guava\listenablefuture\9999.0-empty-to-avoid-conflict-with-guava\listenablefuture-9999.0-empty-to-avoid-conflict-with-guava.jar;C:\Users\91934\.m2\repository\com\google\code\findbugs\jsr305\3.0.2\jsr305-3.0.2.jar;C:\Users\91934\.m2\repository\org\checkerframework\checker-qual\3.12.0\checker-qual-3.12.0.jar;C:\Users\91934\.m2\repository\com\google\errorprone\error_prone_annotations\2.11.0\error_prone_annotations-2.11.0.j
Launcher Type: SUN_STANDARD

[Global flags]
     intx CICompilerCount                          = 4                                         {product} {ergonomic}
     uint ConcGCThreads                            = 3                                         {product} {ergonomic}
     uint G1ConcRefinementThreads                  = 10                                        {product} {ergonomic}
   size_t G1HeapRegionSize                         = 1048576                                   {product} {ergonomic}
    uintx GCDrainStackTargetSize                   = 64                                        {product} {ergonomic}
   size_t InitialHeapSize                          = 123731968                                 {product} {ergonomic}
   size_t MarkStackSize                            = 4194304                                   {product} {ergonomic}
   size_t MaxHeapSize                              = 1967128576                                {product} {ergonomic}
   size_t MaxNewSize                               = 1179648000                                {product} {ergonomic}
   size_t MinHeapDeltaBytes                        = 1048576                                   {product} {ergonomic}
   size_t MinHeapSize                              = 8388608                                   {product} {ergonomic}
    uintx NonNMethodCodeHeapSize                   = 5839372                                {pd product} {ergonomic}
    uintx NonProfiledCodeHeapSize                  = 122909434                              {pd product} {ergonomic}
    uintx ProfiledCodeHeapSize                     = 122909434                              {pd product} {ergonomic}
    uintx ReservedCodeCacheSize                    = 251658240                              {pd product} {ergonomic}
     bool SegmentedCodeCache                       = true                                      {product} {ergonomic}
     bool ShowCodeDetailsInExceptionMessages       = true                                   {manageable} {command line}
   size_t SoftMaxHeapSize                          = 1967128576                             {manageable} {ergonomic}
     bool UseCompressedClassPointers               = true                           {product lp64_product} {ergonomic}
     bool UseCompressedOops                        = true                           {product lp64_product} {ergonomic}
     bool UseG1GC                                  = true                                      {product} {ergonomic}
     bool UseLargePagesIndividualAllocation        = false                                  {pd product} {ergonomic}

Logging:
Log output configuration:
 #0: stdout all=warning uptime,level,tags
 #1: stderr all=off uptime,level,tags

Environment Variables:
PATH=C:/Users/91934/.p2/pool/plugins/org.eclipse.justj.openjdk.hotspot.jre.full.win32.x86_64_17.0.4.v20220805-1047/jre/bin/server;C:/Users/91934/.p2/pool/plugins/org.eclipse.justj.openjdk.hotspot.jre.full.win32.x86_64_17.0.4.v20220805-1047/jre/bin;C:\Program Files\Common Files\Oracle\Java\javapath;C:\Program Files (x86)\Git\cmd;C:\Users\91934\Downloads\apache-maven-3.8.6-bin (1)\apache-maven-3.8.6\bin;C:\WINDOWS\system32;C:\WINDOWS;C:\WINDOWS\System32\Wbem;C:\WINDOWS\System32\WindowsPowerShell\v1.0\;C:\WINDOWS\System32\OpenSSH\;C:\ProgramData\chocolatey\bin;C:\Program Files (x86)\dotnet\;C:\Program Files\Docker\Docker\resources\bin;C:\Users\91934\Downloads\apache-ant-1.10.13-bin\apache-ant-1.10.13\bin;C:\Program Files\nodejs\;C:\Program Files\MySQL\MySQL Shell 8.0\bin\;C:\Users\91934\AppData\Local\Microsoft\WindowsApps;C:\tools\dart-sdk\bin;C:\Users\91934\AppData\Roaming\Pub\Cache\bin;C:\Users\91934\fvm\default\bin;;C:\Users\91934\AppData\Local\Programs\Microsoft VS Code\bin;C:\Users\91934\AppData\Roaming\npm;C:\WINDOWS\system32;
USERNAME=91934
OS=Windows_NT
PROCESSOR_IDENTIFIER=AMD64 Family 23 Model 104 Stepping 1, AuthenticAMD
TMP=C:\Users\91934\AppData\Local\Temp
TEMP=C:\Users\91934\AppData\Local\Temp



---------------  S Y S T E M  ---------------

OS:
 Windows 11 , 64 bit Build 22621 (10.0.22621.2070)
OS uptime: 5 days 0:35 hours
Hyper-V role detected

CPU: total 12 (initial active 12) (12 cores per cpu, 2 threads per core) family 23 model 104 stepping 1 microcode 0x0, cx8, cmov, fxsr, ht, mmx, 3dnowpref, sse, sse2, sse3, ssse3, sse4a, sse4.1, sse4.2, popcnt, lzcnt, tsc, tscinvbit, avx, avx2, aes, clmul, bmi1, bmi2, adx, sha, fma, vzeroupper, clflush, clflushopt, hv

Memory: 4k page, system-wide physical 7502M (186M free)
TotalPageFile size 30030M (AvailPageFile size 5M)
current process WorkingSet (physical memory assigned to process): 150M, peak: 164M
current process commit charge ("private bytes"): 189M, peak: 237M

vm_info: OpenJDK 64-Bit Server VM (17.0.4+8) for windows-amd64 JRE (17.0.4+8), built on Jul 19 2022 16:05:16 by "temurin" with MS VC++ 16.7 (VS2019)

END.
