#
# There is insufficient memory for the Java Runtime Environment to continue.
# Native memory allocation (mmap) failed to map 123731968 bytes for G1 virtual space
# Possible reasons:
#   The system is out of physical RAM or swap space
#   The process is running with CompressedOops enabled, and the Java Heap may be blocking the growth of the native heap
# Possible solutions:
#   Reduce memory load on the system
#   Increase physical memory or swap space
#   Check if swap backing store is full
#   Decrease Java heap size (-Xmx/-Xms)
#   Decrease number of Java threads
#   Decrease Java thread stack sizes (-Xss)
#   Set larger code cache with -XX:ReservedCodeCacheSize=
#   JVM is running with Unscaled Compressed Oops mode in which the Java heap is
#     placed in the first 4GB address space. The Java Heap base address is the
#     maximum limit for the native heap growth. Please use -XX:HeapBaseMinAddress
#     to set the Java Heap base and to place the Java Heap above 4GB virtual address.
# This output file may be truncated or incomplete.
#
#  Out of Memory Error (os_windows.cpp:3541), pid=89136, tid=94040
#
# JRE version:  (17.0.4+8) (build )
# Java VM: OpenJDK 64-Bit Server VM (17.0.4+8, mixed mode, sharing, tiered, compressed oops, compressed class ptrs, g1 gc, windows-amd64)
# No core dump will be written. Minidumps are not enabled by default on client versions of Windows
#

---------------  S U M M A R Y ------------

Command Line: -ea -Dfile.encoding=UTF-8 -XX:+ShowCodeDetailsInExceptionMessages org.testng.remote.RemoteTestNG -serport 56313 -protocol json -d C:\Users\91934\Desktop\New folder\cns\TutorialsNinjaProj\test-output C:\Users\91934\AppData\Local\Temp\testng-eclipse--1452443402\testng-customsuite.xml

Host: AMD Ryzen 5 5500U with Radeon Graphics         , 12 cores, 7G,  Windows 11 , 64 bit Build 22621 (10.0.22621.2070)
Time: Thu Aug 31 13:06:40 2023 India Standard Time elapsed time: 0.021413 seconds (0d 0h 0m 0s)

---------------  T H R E A D  ---------------

Current thread (0x0000018cd08c6f20):  JavaThread "Unknown thread" [_thread_in_vm, id=94040, stack(0x00000033c5600000,0x00000033c5700000)]

Stack: [0x00000033c5600000,0x00000033c5700000]
Native frames: (J=compiled Java code, j=interpreted, Vv=VM code, C=native code)
V  [jvm.dll+0x67733a]
V  [jvm.dll+0x8323c4]
V  [jvm.dll+0x833b6e]
V  [jvm.dll+0x8341d3]
V  [jvm.dll+0x2455e5]
V  [jvm.dll+0x674229]
V  [jvm.dll+0x668ab2]
V  [jvm.dll+0x30458b]
V  [jvm.dll+0x30bad6]
V  [jvm.dll+0x35ba7e]
V  [jvm.dll+0x35bcaf]
V  [jvm.dll+0x2db428]
V  [jvm.dll+0x2dc394]
V  [jvm.dll+0x803ef1]
V  [jvm.dll+0x3698d1]
V  [jvm.dll+0x7e320c]
V  [jvm.dll+0x3ec23f]
V  [jvm.dll+0x3eddc1]
C  [jli.dll+0x5277]
C  [ucrtbase.dll+0x29363]
C  [KERNEL32.DLL+0x126ad]
C  [ntdll.dll+0x5aa68]


---------------  P R O C E S S  ---------------

Threads class SMR info:
_java_thread_list=0x00007ff847664e98, length=0, elements={
}

Java Threads: ( => current thread )

Other Threads:
  0x0000018cd091b1b0 GCTaskThread "GC Thread#0" [stack: 0x00000033c5800000,0x00000033c5900000] [id=97092]
  0x0000018cd092a980 ConcurrentGCThread "G1 Main Marker" [stack: 0x00000033c5900000,0x00000033c5a00000] [id=94880]
  0x0000018cd092b8b0 ConcurrentGCThread "G1 Conc#0" [stack: 0x00000033c5a00000,0x00000033c5b00000] [id=79188]

[error occurred during error reporting (printing all threads), id 0xc0000005, EXCEPTION_ACCESS_VIOLATION (0xc0000005) at pc=0x00007ff846e3beb7]

VM state: not at safepoint (not fully initialized)

VM Mutex/Monitor currently owned by a thread:  ([mutex/lock_event])
[0x0000018cd08c39b0] Heap_lock - owner thread: 0x0000018cd08c6f20

Heap address: 0x000000008ac00000, size: 1876 MB, Compressed Oops mode: 32-bit

CDS archive(s) mapped at: [0x0000000000000000-0x0000000000000000-0x0000000000000000), size 0, SharedBaseAddress: 0x0000000800000000, ArchiveRelocationMode: 0.
Narrow klass base: 0x0000000000000000, Narrow klass shift: 0, Narrow klass range: 0x0

GC Precious Log:
<Empty>

Heap:
 garbage-first heap   total 0K, used 0K [0x000000008ac00000, 0x0000000100000000)
  region size 1024K, 0 young (0K), 0 survivors (0K)

[error occurred during error reporting (printing heap information), id 0xc0000005, EXCEPTION_ACCESS_VIOLATION (0xc0000005) at pc=0x00007ff8472206b9]

GC Heap History (0 events):
No events

Deoptimization events (0 events):
No events

Classes unloaded (0 events):
No events

Classes redefined (0 events):
No events

Internal exceptions (0 events):
No events

VM Operations (0 events):
No events

Events (1 events):
Event: 0.012 Loaded shared library C:\Users\91934\.p2\pool\plugins\org.eclipse.justj.openjdk.hotspot.jre.full.win32.x86_64_17.0.4.v20220805-1047\jre\bin\java.dll


Dynamic libraries:
0x00007ff789970000 - 0x00007ff78997e000 	C:\Users\91934\.p2\pool\plugins\org.eclipse.justj.openjdk.hotspot.jre.full.win32.x86_64_17.0.4.v20220805-1047\jre\bin\javaw.exe
0x00007ff89ba30000 - 0x00007ff89bc44000 	C:\WINDOWS\SYSTEM32\ntdll.dll
0x00007ff89a110000 - 0x00007ff89a1d4000 	C:\WINDOWS\System32\KERNEL32.DLL
0x00007ff898ff0000 - 0x00007ff899394000 	C:\WINDOWS\System32\KERNELBASE.dll
0x00007ff8996d0000 - 0x00007ff8997e1000 	C:\WINDOWS\System32\ucrtbase.dll
0x00007ff8911e0000 - 0x00007ff8911f8000 	C:\Users\91934\.p2\pool\plugins\org.eclipse.justj.openjdk.hotspot.jre.full.win32.x86_64_17.0.4.v20220805-1047\jre\bin\jli.dll
0x00007ff89b7e0000 - 0x00007ff89b98a000 	C:\WINDOWS\System32\USER32.dll
0x00007ff899440000 - 0x00007ff899466000 	C:\WINDOWS\System32\win32u.dll
0x00007ff89a2f0000 - 0x00007ff89a319000 	C:\WINDOWS\System32\GDI32.dll
0x00007ff8994f0000 - 0x00007ff899609000 	C:\WINDOWS\System32\gdi32full.dll
0x00007ff8993a0000 - 0x00007ff89943a000 	C:\WINDOWS\System32\msvcp_win.dll
0x00007ff886910000 - 0x00007ff886929000 	C:\Users\91934\.p2\pool\plugins\org.eclipse.justj.openjdk.hotspot.jre.full.win32.x86_64_17.0.4.v20220805-1047\jre\bin\VCRUNTIME140.dll
0x00007ff87faa0000 - 0x00007ff87fd2f000 	C:\WINDOWS\WinSxS\amd64_microsoft.windows.common-controls_6595b64144ccf1df_6.0.22621.2070_none_2713e6537381f706\COMCTL32.dll
0x00007ff89ab60000 - 0x00007ff89ac07000 	C:\WINDOWS\System32\msvcrt.dll
0x00007ff899df0000 - 0x00007ff899e21000 	C:\WINDOWS\System32\IMM32.DLL
0x00007ff87ce70000 - 0x00007ff87cfd3000 	C:\Program Files (x86)\Citrix\ICA Client\epclient64.dll
0x00007ff899a30000 - 0x00007ff899dba000 	C:\WINDOWS\System32\combase.dll
0x00007ff899ff0000 - 0x00007ff89a107000 	C:\WINDOWS\System32\RPCRT4.dll
0x00007ff88fe10000 - 0x00007ff88fe1a000 	C:\WINDOWS\SYSTEM32\VERSION.dll
0x00007ff8987d0000 - 0x00007ff8987f8000 	C:\WINDOWS\SYSTEM32\bcrypt.dll
0x00007ff89ac10000 - 0x00007ff89acc0000 	C:\WINDOWS\System32\ADVAPI32.dll
0x00007ff89b020000 - 0x00007ff89b0c6000 	C:\WINDOWS\System32\sechost.dll
0x00007ff897e70000 - 0x00007ff897ea4000 	C:\WINDOWS\SYSTEM32\ntmarta.dll
0x0000018ccffd0000 - 0x0000018cd004a000 	C:\WINDOWS\System32\bcryptprimitives.dll
0x00007ff897e50000 - 0x00007ff897e68000 	C:\WINDOWS\SYSTEM32\kernel.appcore.dll
0x00007ff884e60000 - 0x00007ff884e6c000 	C:\Users\91934\.p2\pool\plugins\org.eclipse.justj.openjdk.hotspot.jre.full.win32.x86_64_17.0.4.v20220805-1047\jre\bin\vcruntime140_1.dll
0x00007ff856200000 - 0x00007ff856291000 	C:\Users\91934\.p2\pool\plugins\org.eclipse.justj.openjdk.hotspot.jre.full.win32.x86_64_17.0.4.v20220805-1047\jre\bin\msvcp140.dll
0x00007ff846b50000 - 0x00007ff847796000 	C:\Users\91934\.p2\pool\plugins\org.eclipse.justj.openjdk.hotspot.jre.full.win32.x86_64_17.0.4.v20220805-1047\jre\bin\server\jvm.dll
0x00007ff89ab50000 - 0x00007ff89ab58000 	C:\WINDOWS\System32\PSAPI.DLL
0x00007ff86e610000 - 0x00007ff86e619000 	C:\WINDOWS\SYSTEM32\WSOCK32.dll
0x00007ff8999b0000 - 0x00007ff899a21000 	C:\WINDOWS\System32\WS2_32.dll
0x00007ff8912e0000 - 0x00007ff891314000 	C:\WINDOWS\SYSTEM32\WINMM.dll
0x00007ff894800000 - 0x00007ff89480a000 	C:\Users\91934\.p2\pool\plugins\org.eclipse.justj.openjdk.hotspot.jre.full.win32.x86_64_17.0.4.v20220805-1047\jre\bin\jimage.dll
0x00007ff8877f0000 - 0x00007ff887a1e000 	C:\WINDOWS\SYSTEM32\DBGHELP.DLL
0x00007ff89af40000 - 0x00007ff89b017000 	C:\WINDOWS\System32\OLEAUT32.dll
0x00007ff8822c0000 - 0x00007ff8822f2000 	C:\WINDOWS\SYSTEM32\dbgcore.DLL
0x00007ff87e990000 - 0x00007ff87e9b5000 	C:\Users\91934\.p2\pool\plugins\org.eclipse.justj.openjdk.hotspot.jre.full.win32.x86_64_17.0.4.v20220805-1047\jre\bin\java.dll

dbghelp: loaded successfully - version: 4.0.5 - missing functions: none
symbol engine: initialized successfully - sym options: 0x614 - pdb path: .;C:\Users\91934\.p2\pool\plugins\org.eclipse.justj.openjdk.hotspot.jre.full.win32.x86_64_17.0.4.v20220805-1047\jre\bin;C:\WINDOWS\SYSTEM32;C:\WINDOWS\WinSxS\amd64_microsoft.windows.common-controls_6595b64144ccf1df_6.0.22621.2070_none_2713e6537381f706;C:\Program Files (x86)\Citrix\ICA Client;C:\Users\91934\.p2\pool\plugins\org.eclipse.justj.openjdk.hotspot.jre.full.win32.x86_64_17.0.4.v20220805-1047\jre\bin\server

VM Arguments:
jvm_args: -ea -Dfile.encoding=UTF-8 -XX:+ShowCodeDetailsInExceptionMessages 
java_command: org.testng.remote.RemoteTestNG -serport 56313 -protocol json -d C:\Users\91934\Desktop\New folder\cns\TutorialsNinjaProj\test-output C:\Users\91934\AppData\Local\Temp\testng-eclipse--1452443402\testng-customsuite.xml
java_class_path (initial): C:\Users\91934\eclipse\jee-2022-062\eclipse\configuration\org.eclipse.osgi\892\0\.cp\lib\testng-remote.jar;C:\Users\91934\Desktop\New folder\cns\TutorialsNinjaProj\target\test-classes;C:\Users\91934\Desktop\New folder\cns\TutorialsNinjaProj\target\classes;C:\Users\91934\.p2\pool\plugins\org.testng_7.4.0.r202105021533.jar;C:\Users\91934\.p2\pool\plugins\com.beust.jcommander_1.78.0.jar;C:\Users\91934\.p2\pool\plugins\org.apache-extras.beanshell.bsh_2.0.0.b6.jar;C:\Users\91934\.p2\pool\plugins\org.yaml.snakeyaml_1.27.0.v20201111-1638.jar;C:\Users\91934\.p2\pool\plugins\org.webjars.jquery_3.5.1.jar;C:\Users\91934\.m2\repository\org\testng\testng\7.8.0\testng-7.8.0.jar;C:\Users\91934\.m2\repository\org\slf4j\slf4j-api\1.7.36\slf4j-api-1.7.36.jar;C:\Users\91934\.m2\repository\com\beust\jcommander\1.82\jcommander-1.82.jar;C:\Users\91934\.m2\repository\org\webjars\jquery\3.6.1\jquery-3.6.1.jar;C:\Users\91934\.m2\repository\org\seleniumhq\selenium\selenium-java\4.11.0\selenium-java-4.11.0.jar;C:\Users\91934\.m2\repository\org\seleniumhq\selenium\selenium-api\4.11.0\selenium-api-4.11.0.jar;C:\Users\91934\.m2\repository\org\seleniumhq\selenium\selenium-chrome-driver\4.11.0\selenium-chrome-driver-4.11.0.jar;C:\Users\91934\.m2\repository\com\google\auto\service\auto-service-annotations\1.0.1\auto-service-annotations-1.0.1.jar;C:\Users\91934\.m2\repository\com\google\guava\guava\31.1-jre\guava-31.1-jre.jar;C:\Users\91934\.m2\repository\com\google\guava\failureaccess\1.0.1\failureaccess-1.0.1.jar;C:\Users\91934\.m2\repository\com\google\guava\listenablefuture\9999.0-empty-to-avoid-conflict-with-guava\listenablefuture-9999.0-empty-to-avoid-conflict-with-guava.jar;C:\Users\91934\.m2\repository\com\google\code\findbugs\jsr305\3.0.2\jsr305-3.0.2.jar;C:\Users\91934\.m2\repository\org\checkerframework\checker-qual\3.12.0\checker-qual-3.12.0.jar;C:\Users\91934\.m2\repository\com\google\errorprone\error_prone_annotations\2.11.0\error_prone_annotations-2.11.0.j
Launcher Type: SUN_STANDARD

[Global flags]
     intx CICompilerCount                          = 4                                         {product} {ergonomic}
     uint ConcGCThreads                            = 3                                         {product} {ergonomic}
     uint G1ConcRefinementThreads                  = 10                                        {product} {ergonomic}
   size_t G1HeapRegionSize                         = 1048576                                   {product} {ergonomic}
    uintx GCDrainStackTargetSize                   = 64                                        {product} {ergonomic}
   size_t InitialHeapSize                          = 123731968                                 {product} {ergonomic}
   size_t MarkStackSize                            = 4194304                                   {product} {ergonomic}
   size_t MaxHeapSize                              = 1967128576                                {product} {ergonomic}
   size_t MinHeapDeltaBytes                        = 1048576                                   {product} {ergonomic}
   size_t MinHeapSize                              = 8388608                                   {product} {ergonomic}
    uintx NonNMethodCodeHeapSize                   = 5839372                                {pd product} {ergonomic}
    uintx NonProfiledCodeHeapSize                  = 122909434                              {pd product} {ergonomic}
    uintx ProfiledCodeHeapSize                     = 122909434                              {pd product} {ergonomic}
    uintx ReservedCodeCacheSize                    = 251658240                              {pd product} {ergonomic}
     bool SegmentedCodeCache                       = true                                      {product} {ergonomic}
     bool ShowCodeDetailsInExceptionMessages       = true                                   {manageable} {command line}
   size_t SoftMaxHeapSize                          = 1967128576                             {manageable} {ergonomic}
     bool UseCompressedClassPointers               = true                           {product lp64_product} {ergonomic}
     bool UseCompressedOops                        = true                           {product lp64_product} {ergonomic}
     bool UseG1GC                                  = true                                      {product} {ergonomic}
     bool UseLargePagesIndividualAllocation        = false                                  {pd product} {ergonomic}

Logging:
Log output configuration:
 #0: stdout all=warning uptime,level,tags
 #1: stderr all=off uptime,level,tags

Environment Variables:
PATH=C:/Users/91934/.p2/pool/plugins/org.eclipse.justj.openjdk.hotspot.jre.full.win32.x86_64_17.0.4.v20220805-1047/jre/bin/server;C:/Users/91934/.p2/pool/plugins/org.eclipse.justj.openjdk.hotspot.jre.full.win32.x86_64_17.0.4.v20220805-1047/jre/bin;C:\Program Files\Common Files\Oracle\Java\javapath;C:\Program Files (x86)\Git\cmd;C:\Users\91934\Downloads\apache-maven-3.8.6-bin (1)\apache-maven-3.8.6\bin;C:\WINDOWS\system32;C:\WINDOWS;C:\WINDOWS\System32\Wbem;C:\WINDOWS\System32\WindowsPowerShell\v1.0\;C:\WINDOWS\System32\OpenSSH\;C:\ProgramData\chocolatey\bin;C:\Program Files (x86)\dotnet\;C:\Program Files\Docker\Docker\resources\bin;C:\Users\91934\Downloads\apache-ant-1.10.13-bin\apache-ant-1.10.13\bin;C:\Program Files\nodejs\;C:\Program Files\MySQL\MySQL Shell 8.0\bin\;C:\Users\91934\AppData\Local\Microsoft\WindowsApps;C:\tools\dart-sdk\bin;C:\Users\91934\AppData\Roaming\Pub\Cache\bin;C:\Users\91934\fvm\default\bin;;C:\Users\91934\AppData\Local\Programs\Microsoft VS Code\bin;C:\Users\91934\AppData\Roaming\npm;C:\WINDOWS\system32;
USERNAME=91934
OS=Windows_NT
PROCESSOR_IDENTIFIER=AMD64 Family 23 Model 104 Stepping 1, AuthenticAMD
TMP=C:\Users\91934\AppData\Local\Temp
TEMP=C:\Users\91934\AppData\Local\Temp



---------------  S Y S T E M  ---------------

OS:
 Windows 11 , 64 bit Build 22621 (10.0.22621.2070)
OS uptime: 5 days 1:18 hours
Hyper-V role detected

CPU: total 12 (initial active 12) (12 cores per cpu, 2 threads per core) family 23 model 104 stepping 1 microcode 0x0, cx8, cmov, fxsr, ht, mmx, 3dnowpref, sse, sse2, sse3, ssse3, sse4a, sse4.1, sse4.2, popcnt, lzcnt, tsc, tscinvbit, avx, avx2, aes, clmul, bmi1, bmi2, adx, sha, fma, vzeroupper, clflush, clflushopt, hv

Memory: 4k page, system-wide physical 7502M (506M free)
TotalPageFile size 30030M (AvailPageFile size 119M)
current process WorkingSet (physical memory assigned to process): 12M, peak: 12M
current process commit charge ("private bytes"): 65M, peak: 183M

vm_info: OpenJDK 64-Bit Server VM (17.0.4+8) for windows-amd64 JRE (17.0.4+8), built on Jul 19 2022 16:05:16 by "temurin" with MS VC++ 16.7 (VS2019)

END.
